  [1m[35m (31.4ms)[0m  [1m[35mCREATE DATABASE `development` DEFAULT CHARACTER SET `utf8mb4`[0m
  [1m[35m (1.8ms)[0m  [1m[35mCREATE DATABASE `test` DEFAULT CHARACTER SET `utf8mb4`[0m
Started GET "/" for ::1 at 2024-08-03 16:04:28 +0900
Processing by Rails::WelcomeController#index as HTML
  Rendering /Users/shota/.rbenv/versions/3.1.2/lib/ruby/gems/3.1.0/gems/railties-7.0.4.3/lib/rails/templates/rails/welcome/index.html.erb
  Rendered /Users/shota/.rbenv/versions/3.1.2/lib/ruby/gems/3.1.0/gems/railties-7.0.4.3/lib/rails/templates/rails/welcome/index.html.erb (Duration: 1.4ms | Allocations: 588)
Completed 200 OK in 12ms (Views: 5.2ms | ActiveRecord: 0.0ms | Allocations: 4679)


Started GET "/users" for ::1 at 2024-08-03 16:04:32 +0900
  
ActionController::RoutingError (No route matches [GET] "/users"):
  
Started GET "/static_pages/home" for ::1 at 2024-08-03 16:04:38 +0900
Processing by StaticPagesController#home as HTML
  Rendering layout layouts/application.html.erb
  Rendering static_pages/home.html.erb within layouts/application
  Rendered static_pages/home.html.erb within layouts/application (Duration: 0.5ms | Allocations: 109)
  Rendered layout layouts/application.html.erb (Duration: 247.4ms | Allocations: 88027)
Completed 200 OK in 249ms (Views: 248.6ms | ActiveRecord: 0.0ms | Allocations: 89019)


Started GET "/static_pages/home" for ::1 at 2024-08-03 16:12:48 +0900
Processing by StaticPagesController#home as HTML
  Rendering layout layouts/application.html.erb
  Rendering static_pages/home.html.erb within layouts/application
  Rendered static_pages/home.html.erb within layouts/application (Duration: 0.5ms | Allocations: 117)
  Rendered layout layouts/application.html.erb (Duration: 16.1ms | Allocations: 11433)
Completed 200 OK in 18ms (Views: 17.1ms | Allocations: 12386)


Started GET "/static_pages/help" for ::1 at 2024-08-03 16:12:57 +0900
Processing by StaticPagesController#help as HTML
  Rendering layout layouts/application.html.erb
  Rendering static_pages/help.html.erb within layouts/application
  Rendered static_pages/help.html.erb within layouts/application (Duration: 0.4ms | Allocations: 88)
  Rendered layout layouts/application.html.erb (Duration: 3.0ms | Allocations: 2360)
Completed 200 OK in 4ms (Views: 3.3ms | Allocations: 2693)


Started GET "/about" for ::1 at 2024-08-03 18:15:55 +0900
  
ActionController::RoutingError (No route matches [GET] "/about"):
  
Started GET "/static_pages/home" for ::1 at 2024-08-03 18:16:46 +0900
Processing by StaticPagesController#home as HTML
  Rendering layout layouts/application.html.erb
  Rendering static_pages/home.html.erb within layouts/application
  Rendered static_pages/home.html.erb within layouts/application (Duration: 0.6ms | Allocations: 112)
  Rendered layout layouts/application.html.erb (Duration: 49.1ms | Allocations: 32495)
Completed 200 OK in 56ms (Views: 51.3ms | ActiveRecord: 0.0ms | Allocations: 34547)


Started GET "/static_pages/about" for ::1 at 2024-08-03 18:16:50 +0900
Processing by StaticPagesController#about as HTML
  Rendering layout layouts/application.html.erb
  Rendering static_pages/about.html.erb within layouts/application
  Rendered static_pages/about.html.erb within layouts/application (Duration: 0.5ms | Allocations: 84)
  Rendered layout layouts/application.html.erb (Duration: 3.5ms | Allocations: 2371)
Completed 200 OK in 5ms (Views: 3.8ms | ActiveRecord: 0.0ms | Allocations: 2709)


Started GET "/" for ::1 at 2024-08-04 10:47:40 +0900
Processing by StaticPagesController#home as HTML
  Rendering layout layouts/application.html.erb
  Rendering static_pages/home.html.erb within layouts/application
  Rendered static_pages/home.html.erb within layouts/application (Duration: 0.8ms | Allocations: 329)
  Rendered layout layouts/application.html.erb (Duration: 36.9ms | Allocations: 32786)
Completed 200 OK in 44ms (Views: 39.3ms | ActiveRecord: 0.0ms | Allocations: 35815)


Started GET "/static_pages/home" for ::1 at 2024-08-04 10:48:04 +0900
Processing by StaticPagesController#home as HTML
  Rendering layout layouts/application.html.erb
  Rendering static_pages/home.html.erb within layouts/application
  Rendered static_pages/home.html.erb within layouts/application (Duration: 0.0ms | Allocations: 14)
  Rendered layout layouts/application.html.erb (Duration: 3.3ms | Allocations: 2469)
Completed 200 OK in 5ms (Views: 3.9ms | ActiveRecord: 0.0ms | Allocations: 2795)


